#! /usr/bin/vvp
:ivl_version "12.0 (stable)";
:ivl_delay_selection "TYPICAL";
:vpi_time_precision + 0;
:vpi_module "/usr/lib/x86_64-linux-gnu/ivl/system.vpi";
:vpi_module "/usr/lib/x86_64-linux-gnu/ivl/vhdl_sys.vpi";
:vpi_module "/usr/lib/x86_64-linux-gnu/ivl/vhdl_textio.vpi";
:vpi_module "/usr/lib/x86_64-linux-gnu/ivl/v2005_math.vpi";
:vpi_module "/usr/lib/x86_64-linux-gnu/ivl/va_math.vpi";
:vpi_module "/usr/lib/x86_64-linux-gnu/ivl/v2009.vpi";
S_0x5957d7f0e5a0 .scope package, "$unit" "$unit" 2 1;
 .timescale 0 0;
S_0x5957d7f0e730 .scope module, "wire_example" "wire_example" 3 1;
 .timescale 0 0;
v0x5957d7f10400_0 .var "a", 0 0;
    .scope S_0x5957d7f0e730;
T_0 ;
    %pushi/vec4 1, 0, 1;
    %store/vec4 v0x5957d7f10400_0, 0, 1;
    %delay 10, 0;
    %vpi_call/w 3 8 "$display", "a = %0d", v0x5957d7f10400_0 {0 0 0};
    %vpi_call/w 3 9 "$finish" {0 0 0};
    %end;
    .thread T_0;
# The file index is used to find the file name in the following table.
:file_names 4;
    "N/A";
    "<interactive>";
    "-";
    "wire_example.sv";
